2025-04-24 13:44:44,869 - INFO - Starting security audit for rewardshub.pt
2025-04-24 13:44:45,022 - INFO - Security audit completed. Report saved to security_report.json
2025-04-24 14:51:09,437 - INFO - Starting security audit for rewardshub.pt
2025-04-24 14:51:09,438 - INFO - Running DNS security checks...
2025-04-24 14:51:09,827 - INFO - Running web security checks...
2025-04-24 14:51:09,962 - INFO - Detailed report saved to security_report.json
2025-04-24 14:51:09,963 - INFO - HTML report saved to security_report.html
2025-04-24 14:53:51,096 - INFO - Starting security audit for rewardshub.pt
2025-04-24 14:53:51,098 - INFO - Running DNS security checks...
2025-04-24 14:53:51,315 - INFO - Running web security checks...
2025-04-24 14:53:51,447 - INFO - Detailed report saved to security_report.json
2025-04-24 14:53:51,447 - INFO - HTML report saved to security_report.html
2025-04-24 14:55:12,780 - INFO - Starting security audit for rewardshub.pt
2025-04-24 14:55:12,781 - INFO - Running DNS security checks...
2025-04-24 14:55:12,923 - INFO - Running web security checks...
2025-04-24 14:55:13,010 - INFO - Detailed report saved to security_report.json
2025-04-24 14:55:13,010 - INFO - HTML report saved to security_report.html
2025-04-24 15:55:51,939 - INFO - Starting security audit for rewardshub.pt
2025-04-24 15:55:51,940 - INFO - Running DNS security checks...
2025-04-24 15:55:52,366 - INFO - Running web security checks...
2025-04-24 15:55:52,480 - INFO - Running OAuth security checks...
2025-04-24 15:55:52,813 - ERROR - Failed to save report: Object of type WebVulnerability is not JSON serializable
2025-04-24 16:40:39,887 - INFO - Starting security audit for rewardshub.pt
2025-04-24 16:40:39,888 - INFO - Running DNS security checks...
2025-04-24 16:40:40,333 - INFO - Running web security checks...
2025-04-24 16:40:40,440 - INFO - Running OAuth security checks...
2025-04-24 16:40:40,775 - ERROR - Failed to save report: Object of type WebVulnerability is not JSON serializable
2025-04-24 16:40:46,130 - INFO - Starting security audit for bff.rewardshub.pt
2025-04-24 16:40:46,131 - INFO - Running DNS security checks...
2025-04-24 16:40:46,581 - INFO - Running web security checks...
2025-04-24 16:40:46,850 - INFO - Running OAuth security checks...
2025-04-24 16:40:46,945 - ERROR - Failed to save report: Object of type WebVulnerability is not JSON serializable
2025-04-24 16:40:55,933 - INFO - Starting security audit for pim.rewardshub.pt
2025-04-24 16:40:55,935 - INFO - Running DNS security checks...
2025-04-24 16:40:56,429 - INFO - Running web security checks...
2025-04-24 16:40:56,572 - INFO - Running OAuth security checks...
2025-04-24 16:40:56,983 - ERROR - Failed to save report: Object of type WebVulnerability is not JSON serializable
2025-04-24 16:43:13,626 - INFO - Starting security audit for pim.rewardshub.pt
2025-04-24 16:43:13,627 - INFO - Running DNS security checks...
2025-04-24 16:43:13,994 - INFO - Running web security checks...
2025-04-24 16:43:14,093 - INFO - Running OAuth security checks...
2025-04-24 16:43:14,596 - ERROR - Failed to save report: Object of type WebVulnerability is not JSON serializable
2025-04-24 16:46:20,822 - INFO - Starting security audit for pim.rewardshub.pt
2025-04-24 16:46:20,823 - INFO - Running DNS security checks...
2025-04-24 16:46:21,022 - INFO - Running web security checks...
2025-04-24 16:46:21,155 - INFO - Running OAuth security checks...
2025-04-24 16:46:21,528 - ERROR - Failed to save report: Object of type WebVulnerability is not JSON serializable
2025-04-24 16:46:34,593 - INFO - Starting security audit for pim.rewardshub.pt
2025-04-24 16:46:34,598 - INFO - Running DNS security checks...
2025-04-24 16:46:35,173 - INFO - Running web security checks...
2025-04-24 16:46:35,527 - INFO - Running OAuth security checks...
2025-04-24 16:46:37,205 - ERROR - Failed to save report: Object of type WebVulnerability is not JSON serializable
2025-04-24 16:49:31,684 - INFO - Starting security audit for pim.rewardshub.pt
2025-04-24 16:49:31,690 - INFO - Running DNS security checks...
2025-04-24 16:49:31,995 - INFO - Running web security checks...
2025-04-24 16:49:32,113 - INFO - Running OAuth security checks...
2025-04-24 16:49:32,498 - ERROR - Failed to save report: Object of type WebVulnerability is not JSON serializable
2025-04-24 16:50:35,171 - INFO - Starting security audit for pim.rewardshub.pt
2025-04-24 16:50:35,172 - INFO - Running DNS security checks...
2025-04-24 16:50:35,264 - INFO - Running web security checks...
2025-04-24 16:50:35,361 - INFO - Running OAuth security checks...
2025-04-24 16:50:35,750 - ERROR - Failed to save report: Object of type WebVulnerability is not JSON serializable
2025-04-24 17:11:09,492 - INFO - Starting security audit for rewardshub.pt
2025-04-24 17:11:09,493 - INFO - Running DNS security checks...
2025-04-24 17:11:09,952 - INFO - Running web security checks...
2025-04-24 17:11:10,022 - INFO - Running OAuth security checks...
2025-04-24 17:11:10,335 - ERROR - Failed to save report: Object of type WebVulnerability is not JSON serializable
